<?xml version="1.0" encoding="UTF-8"?>
<!-- Generated by org.testng.reporters.JUnitReportReporter -->
<testsuite hostname="DESKTOP-KD0AJIH" failures="0" tests="1" name="org.automation.CartDetailsTestCase" time="19.905" errors="0" timestamp="2025-09-17T15:40:22 IST" skipped="0">
  <testcase classname="org.automation.CartDetailsTestCase" name="CartDetails" time="19.905"/>
</testsuite> <!-- org.automation.CartDetailsTestCase -->
