<?xml version="1.0" encoding="UTF-8"?>
<!-- Generated by org.testng.reporters.JUnitReportReporter -->
<testsuite hostname="DESKTOP-KD0AJIH" failures="0" tests="3" name="org.automation.CategoryDropDownTestCase" time="42.645" errors="0" timestamp="2025-09-09T13:41:10 IST" skipped="0">
  <testcase classname="org.automation.CategoryDropDownTestCase" name="selectCategoryDropDown" time="9.314"/>
  <testcase classname="org.automation.CategoryDropDownTestCase" name="sliderTestCase" time="14.642"/>
  <testcase classname="org.automation.CategoryDropDownTestCase" name="selectMensClothingandAddingToCartTestCase" time="18.689"/>
</testsuite> <!-- org.automation.CategoryDropDownTestCase -->
