<?xml version="1.0" encoding="UTF-8"?>
<!-- Generated by org.testng.reporters.JUnitReportReporter -->
<testsuite hostname="DESKTOP-KD0AJIH" failures="0" tests="1" name="org.automation.primaryTest" time="15.949" errors="0" timestamp="2025-08-27T16:57:02 IST" skipped="0">
  <testcase classname="org.automation.primaryTest" name="checkOutWithOutLogin" time="15.949"/>
</testsuite> <!-- org.automation.primaryTest -->
