<?xml version="1.0" encoding="UTF-8"?>
<!-- Generated by org.testng.reporters.JUnitReportReporter -->
<testsuite hostname="DESKTOP-KD0AJIH" failures="0" tests="1" name="org.automation.pom.base.BaseTest" time="24.601" errors="0" timestamp="2025-08-26T15:30:20 IST" skipped="0">
  <testcase classname="org.automation.pom.base.BaseTest" name="first" time="24.601"/>
</testsuite> <!-- org.automation.pom.base.BaseTest -->
