<?xml version="1.0" encoding="UTF-8"?>
<!-- Generated by org.testng.reporters.JUnitReportReporter -->
<testsuite hostname="DESKTOP-KD0AJIH" failures="0" tests="1" name="org.automation.LoginRegisterTestCases" time="11.413" errors="0" timestamp="2025-09-20T15:54:46 IST" skipped="0">
  <testcase classname="org.automation.LoginRegisterTestCases" name="validate_AccountPage_Landing" time="11.413"/>
</testsuite> <!-- org.automation.LoginRegisterTestCases -->
