<?xml version="1.0" encoding="UTF-8"?>
<!-- Generated by org.testng.reporters.JUnitReportReporter -->
<testsuite hostname="DESKTOP-KD0AJIH" failures="0" tests="4" name="org.automation.DropDownTestCase" time="68.198" errors="0" timestamp="2025-09-09T13:43:50 IST" skipped="0">
  <testcase classname="org.automation.DropDownTestCase" name="selectAllDropDownOptions" time="26.401"/>
  <testcase classname="org.automation.DropDownTestCase" name="selectDropDownByText" time="13.322"/>
  <testcase classname="org.automation.DropDownTestCase" name="selectDropDownByValue" time="13.622"/>
  <testcase classname="org.automation.DropDownTestCase" name="selectDropDownByIndex" time="14.853"/>
</testsuite> <!-- org.automation.DropDownTestCase -->
