<?xml version="1.0" encoding="UTF-8"?>
<!-- Generated by org.testng.reporters.JUnitReportReporter -->
<testsuite hostname="DESKTOP-KD0AJIH" failures="0" tests="4" name="org.automation.DropDownTestCase" time="74.824" errors="0" timestamp="2025-09-22T16:25:20 IST" skipped="0">
  <testcase classname="org.automation.DropDownTestCase" name="selectAllDropDownOptions" time="30.935"/>
  <testcase classname="org.automation.DropDownTestCase" name="selectDropDownByText" time="15.742"/>
  <testcase classname="org.automation.DropDownTestCase" name="selectDropDownByValue" time="13.736"/>
  <testcase classname="org.automation.DropDownTestCase" name="selectDropDownByIndex" time="14.411"/>
</testsuite> <!-- org.automation.DropDownTestCase -->
