<?xml version="1.0" encoding="UTF-8"?>
<!-- Generated by org.testng.reporters.JUnitReportReporter -->
<testsuite hostname="DESKTOP-KD0AJIH" failures="0" tests="4" name="org.automation.DropDownTestCase" time="68.263" errors="0" timestamp="2025-09-04T15:24:37 IST" skipped="0">
  <testcase classname="org.automation.DropDownTestCase" name="selectAllDropDownOptions" time="29.231"/>
  <testcase classname="org.automation.DropDownTestCase" name="selectDropDownByText" time="12.760"/>
  <testcase classname="org.automation.DropDownTestCase" name="selectDropDownByValue" time="10.105"/>
  <testcase classname="org.automation.DropDownTestCase" name="selectDropDownByIndex" time="16.167"/>
</testsuite> <!-- org.automation.DropDownTestCase -->
