<?xml version="1.0" encoding="UTF-8"?>
<!-- Generated by org.testng.reporters.JUnitReportReporter -->
<testsuite hostname="DESKTOP-KD0AJIH" failures="0" tests="3" name="org.automation.CheckOutTestCase" time="85.172" errors="0" timestamp="2025-09-24T18:26:52 IST" skipped="0">
  <testcase classname="org.automation.CheckOutTestCase" name="checkingOutTestCase" time="22.812"/>
  <testcase classname="org.automation.CheckOutTestCase" name="checkingOutWithRegistrationTestCase" time="36.089"/>
  <testcase classname="org.automation.CheckOutTestCase" name="checkingOutTestCase" time="26.271"/>
</testsuite> <!-- org.automation.CheckOutTestCase -->
