<?xml version="1.0" encoding="UTF-8"?>
<!-- Generated by org.testng.reporters.JUnitReportReporter -->
<testsuite hostname="DESKTOP-KD0AJIH" failures="0" tests="2" name="org.automation.CheckOutTestCase" time="37.342" errors="0" timestamp="2025-10-14T17:45:10 IST" skipped="0">
  <testcase classname="org.automation.CheckOutTestCase" name="addAnyItemToCartWithDynamicSelector" time="19.748"/>
  <testcase classname="org.automation.CheckOutTestCase" name="addAnyItemToCartWithDynamicSelector" time="17.594"/>
</testsuite> <!-- org.automation.CheckOutTestCase -->
