<?xml version="1.0" encoding="UTF-8"?>
<!-- Generated by org.testng.reporters.JUnitReportReporter -->
<testsuite hostname="DESKTOP-KD0AJIH" failures="0" tests="1" name="org.automation.CartDetailsTestCase" time="15.684" errors="0" timestamp="2025-09-04T15:24:37 IST" skipped="0">
  <testcase classname="org.automation.CartDetailsTestCase" name="CartDetails" time="15.684"/>
</testsuite> <!-- org.automation.CartDetailsTestCase -->
