<?xml version="1.0" encoding="UTF-8"?>
<!-- Generated by org.testng.reporters.JUnitReportReporter -->
<testsuite hostname="DESKTOP-KD0AJIH" failures="0" tests="10" name="org.automation.LoginRegisterTest" time="161.728" errors="0" timestamp="2025-10-07T17:03:43 IST" skipped="0">
  <testcase classname="org.automation.LoginRegisterTest" name="openAboutPageInNewTabAndSwitchToIt" time="9.561"/>
  <testcase classname="org.automation.LoginRegisterTest" name="validateLoginWithCheckingRememberMe" time="14.197"/>
  <testcase classname="org.automation.LoginRegisterTest" name="validate_WronginputEntered_In_UserNameField" time="11.350"/>
  <testcase classname="org.automation.LoginRegisterTest" name="loginBtn_BackGroundColor_validation" time="37.261"/>
  <testcase classname="org.automation.LoginRegisterTest" name="validate_WronginputEntered_In_PWDField" time="13.972"/>
  <testcase classname="org.automation.LoginRegisterTest" name="validate_AccountPage_Landing" time="12.564"/>
  <testcase classname="org.automation.LoginRegisterTest" name="loginWithValidCredentials" time="14.352"/>
  <testcase classname="org.automation.LoginRegisterTest" name="validate_LostYourPasswordBtn" time="16.811"/>
  <testcase classname="org.automation.LoginRegisterTest" name="validate_With_EmptyPasswordField" time="15.984"/>
  <testcase classname="org.automation.LoginRegisterTest" name="validate_Without_userName" time="15.676"/>
</testsuite> <!-- org.automation.LoginRegisterTest -->
