<?xml version="1.0" encoding="UTF-8"?>
<!-- Generated by org.testng.reporters.JUnitReportReporter -->
<testsuite hostname="DESKTOP-KD0AJIH" failures="0" tests="3" name="org.automation.CategoryDropDownTestCase" time="35.103" errors="0" timestamp="2025-09-22T16:25:20 IST" skipped="0">
  <testcase classname="org.automation.CategoryDropDownTestCase" name="sliderTestCase" time="13.508"/>
  <testcase classname="org.automation.CategoryDropDownTestCase" name="selectCategoryDropDown" time="7.007"/>
  <testcase classname="org.automation.CategoryDropDownTestCase" name="selectMensClothingandAddingToCartTestCase" time="14.588"/>
</testsuite> <!-- org.automation.CategoryDropDownTestCase -->
