<?xml version="1.0" encoding="UTF-8"?>
<!-- Generated by org.testng.reporters.JUnitReportReporter -->
<testsuite hostname="DESKTOP-KD0AJIH" failures="0" tests="1" name="org.automation.LoginRegisterTest" time="21.528" errors="0" timestamp="2025-09-30T17:53:54 IST" skipped="0">
  <testcase classname="org.automation.LoginRegisterTest" name="validate_AccountPage_Landing" time="21.528"/>
</testsuite> <!-- org.automation.LoginRegisterTest -->
