<?xml version="1.0" encoding="UTF-8"?>
<!-- Generated by org.testng.reporters.JUnitReportReporter -->
<testsuite hostname="DESKTOP-KD0AJIH" failures="0" tests="1" name="org.automation.CheckOutTestCase" time="26.670" errors="0" timestamp="2025-09-05T17:09:43 IST" skipped="0">
  <testcase classname="org.automation.CheckOutTestCase" name="checkingOutTestCase" time="26.670"/>
</testsuite> <!-- org.automation.CheckOutTestCase -->
