<?xml version="1.0" encoding="UTF-8"?>
<!-- Generated by org.testng.reporters.JUnitReportReporter -->
<testsuite hostname="DESKTOP-KD0AJIH" failures="0" tests="1" name="org.automation.CategoryDropDownTestCase" time="20.189" errors="0" timestamp="2025-10-07T17:28:58 IST" skipped="0">
  <testcase classname="org.automation.CategoryDropDownTestCase" name="selectMensClothingandAddingToCartTestCase" time="20.189"/>
</testsuite> <!-- org.automation.CategoryDropDownTestCase -->
