<?xml version="1.0" encoding="UTF-8"?>
<!-- Generated by org.testng.reporters.JUnitReportReporter -->
<testsuite hostname="DESKTOP-KD0AJIH" failures="0" tests="1" name="org.automation.CheckOutTestCase" time="29.321" errors="0" timestamp="2025-09-19T17:39:55 IST" skipped="0">
  <testcase classname="org.automation.CheckOutTestCase" name="checkingOutWithRegistrationTestCase" time="29.321"/>
</testsuite> <!-- org.automation.CheckOutTestCase -->
