<?xml version="1.0" encoding="UTF-8"?>
<!-- Generated by org.testng.reporters.JUnitReportReporter -->
<testsuite hostname="DESKTOP-KD0AJIH" failures="0" tests="3" name="org.automation.CheckOutTestCase" time="82.448" errors="0" timestamp="2025-09-26T16:46:41 IST" skipped="0">
  <testcase classname="org.automation.CheckOutTestCase" name="checkingOutTestCase" time="26.374"/>
  <testcase classname="org.automation.CheckOutTestCase" name="checkingOutTestCase" time="25.363"/>
  <testcase classname="org.automation.CheckOutTestCase" name="checkingOutWithRegistrationTestCase" time="30.711"/>
</testsuite> <!-- org.automation.CheckOutTestCase -->
