<?xml version="1.0" encoding="UTF-8"?>
<!-- Generated by org.testng.reporters.JUnitReportReporter -->
<testsuite hostname="DESKTOP-KD0AJIH" failures="0" tests="1" name="org.automation.LoginRegisterTestCases" time="9.366" errors="0" timestamp="2025-09-24T17:50:51 IST" skipped="0">
  <testcase classname="org.automation.LoginRegisterTestCases" name="openAboutPageInNewTab" time="9.366"/>
</testsuite> <!-- org.automation.LoginRegisterTestCases -->
