<?xml version="1.0" encoding="UTF-8"?>
<!-- Generated by org.testng.reporters.JUnitReportReporter -->
<testsuite hostname="DESKTOP-KD0AJIH" failures="0" tests="1" name="org.automation.LoginRegisterTestCases" time="10.307" errors="0" timestamp="2025-09-26T17:00:35 IST" skipped="0">
  <testcase classname="org.automation.LoginRegisterTestCases" name="openAboutPageInNewTabAndSwitchToIt" time="10.307"/>
</testsuite> <!-- org.automation.LoginRegisterTestCases -->
