<?xml version="1.0" encoding="UTF-8"?>
<!-- Generated by org.testng.reporters.JUnitReportReporter -->
<testsuite hostname="DESKTOP-KD0AJIH" failures="0" tests="1" name="org.automation.OrderPageTestCase" time="50.641" errors="0" timestamp="2025-09-04T16:16:27 IST" skipped="0">
  <testcase classname="org.automation.OrderPageTestCase" name="validateSuccessMessage" time="50.641"/>
</testsuite> <!-- org.automation.OrderPageTestCase -->
