<?xml version="1.0" encoding="UTF-8"?>
<!-- Generated by org.testng.reporters.JUnitReportReporter -->
<testsuite hostname="DESKTOP-KD0AJIH" failures="0" tests="1" name="org.automation.LoginRegisterTestCases" time="16.184" errors="0" timestamp="2025-09-20T15:42:50 IST" skipped="0">
  <testcase classname="org.automation.LoginRegisterTestCases" name="loginWithValidCredentials" time="16.184"/>
</testsuite> <!-- org.automation.LoginRegisterTestCases -->
