<?xml version="1.0" encoding="UTF-8"?>
<!-- Generated by org.testng.reporters.JUnitReportReporter -->
<testsuite hostname="DESKTOP-KD0AJIH" failures="0" tests="3" name="org.automation.CategoryDropDownTestCase" time="38.793" errors="0" timestamp="2025-09-04T15:24:37 IST" skipped="0">
  <testcase classname="org.automation.CategoryDropDownTestCase" name="sliderTestCase" time="16.268"/>
  <testcase classname="org.automation.CategoryDropDownTestCase" name="selectCategoryDropDown" time="10.077"/>
  <testcase classname="org.automation.CategoryDropDownTestCase" name="selectMensClothingandAddingToCartTestCase" time="12.448"/>
</testsuite> <!-- org.automation.CategoryDropDownTestCase -->
