<?xml version="1.0" encoding="UTF-8"?>
<!-- Generated by org.testng.reporters.JUnitReportReporter -->
<testsuite hostname="DESKTOP-KD0AJIH" failures="0" tests="1" name="org.automation.CheckOutTestCase" time="34.952" errors="0" timestamp="2025-10-09T17:31:38 IST" skipped="0">
  <testcase classname="org.automation.CheckOutTestCase" name="addAllItemsOnPageOneToCartAndCheckOutTest" time="34.952"/>
</testsuite> <!-- org.automation.CheckOutTestCase -->
